<?xml version="1.0" encoding="UTF-8"?>
<!-- Generated by org.testng.reporters.JUnitXMLReporter -->
<testsuite hostname="shaheenas-MacBook-Pro.local" ignored="0" name="Default test" tests="3" failures="0" timestamp="25 Feb 2020 22:23:58 GMT" time="30.257" errors="0">
  <testcase name="loginToAP" time="2.804" classname="testcases.CompleteAutomationTest"/>
  <testcase name="SearchBuy" time="10.496" classname="testcases.CompleteAutomationTest"/>
  <testcase name="SearchBuy" time="11.087" classname="testcases.CompleteAutomationTest"/>
</testsuite> <!-- Default test -->
